Analysis & Synthesis report for I2S_IN
Thu Apr 05 16:18:41 2018
Quartus II 64-Bit Version 15.0.0 Build 145 04/22/2015 SJ Web Edition


---------------------
; Table of Contents ;
---------------------
  1. Legal Notice
  2. Analysis & Synthesis Summary
  3. Analysis & Synthesis Settings
  4. Parallel Compilation
  5. Analysis & Synthesis Source Files Read
  6. Analysis & Synthesis Resource Usage Summary
  7. Analysis & Synthesis Resource Utilization by Entity
  8. State Machine - |Overall|audio_interface:audioout|state
  9. User-Specified and Inferred Latches
 10. Registers Removed During Synthesis
 11. General Register Statistics
 12. Inverted Register Statistics
 13. Multiplexer Restructuring Statistics (Restructuring Performed)
 14. Parameter Settings for User Entity Instance: i2s_in:i2sin
 15. Parameter Settings for User Entity Instance: clk_gen:clockgen
 16. Parameter Settings for User Entity Instance: i2s_out:i2out
 17. Port Connectivity Checks: "i2s_out:i2out"
 18. Port Connectivity Checks: "spi_async:spi"
 19. Port Connectivity Checks: "audio_interface:audioout"
 20. Port Connectivity Checks: "i2s_in:i2sin"
 21. Post-Synthesis Netlist Statistics for Top Partition
 22. Elapsed Time Per Partition
 23. Analysis & Synthesis Messages



----------------
; Legal Notice ;
----------------
Copyright (C) 1991-2015 Altera Corporation. All rights reserved.
Your use of Altera Corporation's design tools, logic functions 
and other software and tools, and its AMPP partner logic 
functions, and any output files from any of the foregoing 
(including device programming or simulation files), and any 
associated documentation or information are expressly subject 
to the terms and conditions of the Altera Program License 
Subscription Agreement, the Altera Quartus II License Agreement,
the Altera MegaCore Function License Agreement, or other 
applicable license agreement, including, without limitation, 
that your use is for the sole purpose of programming logic 
devices manufactured by Altera and sold by Altera or its 
authorized distributors.  Please refer to the applicable 
agreement for further details.



+------------------------------------------------------------------------------+
; Analysis & Synthesis Summary                                                 ;
+---------------------------------+--------------------------------------------+
; Analysis & Synthesis Status     ; Successful - Thu Apr 05 16:18:41 2018      ;
; Quartus II 64-Bit Version       ; 15.0.0 Build 145 04/22/2015 SJ Web Edition ;
; Revision Name                   ; I2S_IN                                     ;
; Top-level Entity Name           ; Overall                                    ;
; Family                          ; Cyclone V                                  ;
; Logic utilization (in ALMs)     ; N/A                                        ;
; Total registers                 ; 160                                        ;
; Total pins                      ; 32                                         ;
; Total virtual pins              ; 0                                          ;
; Total block memory bits         ; 0                                          ;
; Total DSP Blocks                ; 0                                          ;
; Total HSSI RX PCSs              ; 0                                          ;
; Total HSSI PMA RX Deserializers ; 0                                          ;
; Total HSSI TX PCSs              ; 0                                          ;
; Total HSSI PMA TX Serializers   ; 0                                          ;
; Total PLLs                      ; 0                                          ;
; Total DLLs                      ; 0                                          ;
+---------------------------------+--------------------------------------------+


+---------------------------------------------------------------------------------------------------------------------------+
; Analysis & Synthesis Settings                                                                                             ;
+---------------------------------------------------------------------------------+--------------------+--------------------+
; Option                                                                          ; Setting            ; Default Value      ;
+---------------------------------------------------------------------------------+--------------------+--------------------+
; Device                                                                          ; 5CSEMA5F31C6       ;                    ;
; Top-level entity name                                                           ; Overall            ; I2S_IN             ;
; Family name                                                                     ; Cyclone V          ; Cyclone V          ;
; Use smart compilation                                                           ; Off                ; Off                ;
; Enable parallel Assembler and TimeQuest Timing Analyzer during compilation      ; On                 ; On                 ;
; Enable compact report table                                                     ; Off                ; Off                ;
; Restructure Multiplexers                                                        ; Auto               ; Auto               ;
; MLAB Add Timing Constraints For Mixed-Port Feed-Through Mode Setting Don't Care ; Off                ; Off                ;
; Create Debugging Nodes for IP Cores                                             ; Off                ; Off                ;
; Preserve fewer node names                                                       ; On                 ; On                 ;
; Disable OpenCore Plus hardware evaluation                                       ; Off                ; Off                ;
; Verilog Version                                                                 ; Verilog_2001       ; Verilog_2001       ;
; VHDL Version                                                                    ; VHDL_1993          ; VHDL_1993          ;
; State Machine Processing                                                        ; Auto               ; Auto               ;
; Safe State Machine                                                              ; Off                ; Off                ;
; Extract Verilog State Machines                                                  ; On                 ; On                 ;
; Extract VHDL State Machines                                                     ; On                 ; On                 ;
; Ignore Verilog initial constructs                                               ; Off                ; Off                ;
; Iteration limit for constant Verilog loops                                      ; 5000               ; 5000               ;
; Iteration limit for non-constant Verilog loops                                  ; 250                ; 250                ;
; Add Pass-Through Logic to Inferred RAMs                                         ; On                 ; On                 ;
; Infer RAMs from Raw Logic                                                       ; On                 ; On                 ;
; Parallel Synthesis                                                              ; On                 ; On                 ;
; DSP Block Balancing                                                             ; Auto               ; Auto               ;
; NOT Gate Push-Back                                                              ; On                 ; On                 ;
; Power-Up Don't Care                                                             ; On                 ; On                 ;
; Remove Redundant Logic Cells                                                    ; Off                ; Off                ;
; Remove Duplicate Registers                                                      ; On                 ; On                 ;
; Ignore CARRY Buffers                                                            ; Off                ; Off                ;
; Ignore CASCADE Buffers                                                          ; Off                ; Off                ;
; Ignore GLOBAL Buffers                                                           ; Off                ; Off                ;
; Ignore ROW GLOBAL Buffers                                                       ; Off                ; Off                ;
; Ignore LCELL Buffers                                                            ; Off                ; Off                ;
; Ignore SOFT Buffers                                                             ; On                 ; On                 ;
; Limit AHDL Integers to 32 Bits                                                  ; Off                ; Off                ;
; Optimization Technique                                                          ; Balanced           ; Balanced           ;
; Carry Chain Length                                                              ; 70                 ; 70                 ;
; Auto Carry Chains                                                               ; On                 ; On                 ;
; Auto Open-Drain Pins                                                            ; On                 ; On                 ;
; Perform WYSIWYG Primitive Resynthesis                                           ; Off                ; Off                ;
; Auto ROM Replacement                                                            ; On                 ; On                 ;
; Auto RAM Replacement                                                            ; On                 ; On                 ;
; Auto DSP Block Replacement                                                      ; On                 ; On                 ;
; Auto Shift Register Replacement                                                 ; Auto               ; Auto               ;
; Allow Shift Register Merging across Hierarchies                                 ; Auto               ; Auto               ;
; Auto Clock Enable Replacement                                                   ; On                 ; On                 ;
; Strict RAM Replacement                                                          ; Off                ; Off                ;
; Allow Synchronous Control Signals                                               ; On                 ; On                 ;
; Force Use of Synchronous Clear Signals                                          ; Off                ; Off                ;
; Auto Resource Sharing                                                           ; Off                ; Off                ;
; Allow Any RAM Size For Recognition                                              ; Off                ; Off                ;
; Allow Any ROM Size For Recognition                                              ; Off                ; Off                ;
; Allow Any Shift Register Size For Recognition                                   ; Off                ; Off                ;
; Use LogicLock Constraints during Resource Balancing                             ; On                 ; On                 ;
; Ignore translate_off and synthesis_off directives                               ; Off                ; Off                ;
; Timing-Driven Synthesis                                                         ; On                 ; On                 ;
; Report Parameter Settings                                                       ; On                 ; On                 ;
; Report Source Assignments                                                       ; On                 ; On                 ;
; Report Connectivity Checks                                                      ; On                 ; On                 ;
; Ignore Maximum Fan-Out Assignments                                              ; Off                ; Off                ;
; Synchronization Register Chain Length                                           ; 3                  ; 3                  ;
; PowerPlay Power Optimization During Synthesis                                   ; Normal compilation ; Normal compilation ;
; HDL message level                                                               ; Level2             ; Level2             ;
; Suppress Register Optimization Related Messages                                 ; Off                ; Off                ;
; Number of Removed Registers Reported in Synthesis Report                        ; 5000               ; 5000               ;
; Number of Swept Nodes Reported in Synthesis Report                              ; 5000               ; 5000               ;
; Number of Inverted Registers Reported in Synthesis Report                       ; 100                ; 100                ;
; Clock MUX Protection                                                            ; On                 ; On                 ;
; Auto Gated Clock Conversion                                                     ; Off                ; Off                ;
; Block Design Naming                                                             ; Auto               ; Auto               ;
; SDC constraint protection                                                       ; Off                ; Off                ;
; Synthesis Effort                                                                ; Auto               ; Auto               ;
; Shift Register Replacement - Allow Asynchronous Clear Signal                    ; On                 ; On                 ;
; Pre-Mapping Resynthesis Optimization                                            ; Off                ; Off                ;
; Analysis & Synthesis Message Level                                              ; Medium             ; Medium             ;
; Disable Register Merging Across Hierarchies                                     ; Auto               ; Auto               ;
; Resource Aware Inference For Block RAM                                          ; On                 ; On                 ;
; Synthesis Seed                                                                  ; 1                  ; 1                  ;
; Automatic Parallel Synthesis                                                    ; On                 ; On                 ;
; Partial Reconfiguration Bitstream ID                                            ; Off                ; Off                ;
+---------------------------------------------------------------------------------+--------------------+--------------------+


+------------------------------------------+
; Parallel Compilation                     ;
+----------------------------+-------------+
; Processors                 ; Number      ;
+----------------------------+-------------+
; Number detected on machine ; 8           ;
; Maximum allowed            ; 4           ;
;                            ;             ;
; Average used               ; 1.00        ;
; Maximum used               ; 1           ;
;                            ;             ;
; Usage by Processor         ; % Time Used ;
;     Processor 1            ; 100.0%      ;
;     Processors 2-8         ;   0.0%      ;
+----------------------------+-------------+


+--------------------------------------------------------------------------------------------------------------------------------------------------+
; Analysis & Synthesis Source Files Read                                                                                                           ;
+----------------------------------+-----------------+-----------------+-----------------------------------------------------------------+---------+
; File Name with User-Entered Path ; Used in Netlist ; File Type       ; File Name with Absolute Path                                    ; Library ;
+----------------------------------+-----------------+-----------------+-----------------------------------------------------------------+---------+
; audio_interface.vhd              ; yes             ; User VHDL File  ; C:/Users/Rick/Desktop/PCM3168-master/I2S_IN/audio_interface.vhd ;         ;
; I2S_IN.vhd                       ; yes             ; User VHDL File  ; C:/Users/Rick/Desktop/PCM3168-master/I2S_IN/I2S_IN.vhd          ;         ;
; Overall.vhd                      ; yes             ; User VHDL File  ; C:/Users/Rick/Desktop/PCM3168-master/I2S_IN/Overall.vhd         ;         ;
; spi_async.vhd                    ; yes             ; User VHDL File  ; C:/Users/Rick/Desktop/PCM3168-master/I2S_IN/spi_async.vhd       ;         ;
; CLK_GEN.vhd                      ; yes             ; User VHDL File  ; C:/Users/Rick/Desktop/PCM3168-master/I2S_IN/CLK_GEN.vhd         ;         ;
; I2S_OUT.vhd                      ; yes             ; User VHDL File  ; C:/Users/Rick/Desktop/PCM3168-master/I2S_IN/I2S_OUT.vhd         ;         ;
+----------------------------------+-----------------+-----------------+-----------------------------------------------------------------+---------+


+-----------------------------------------------------------+
; Analysis & Synthesis Resource Usage Summary               ;
+---------------------------------------------+-------------+
; Resource                                    ; Usage       ;
+---------------------------------------------+-------------+
; Estimate of Logic utilization (ALMs needed) ; 109         ;
;                                             ;             ;
; Combinational ALUT usage for logic          ; 107         ;
;     -- 7 input functions                    ; 17          ;
;     -- 6 input functions                    ; 12          ;
;     -- 5 input functions                    ; 11          ;
;     -- 4 input functions                    ; 37          ;
;     -- <=3 input functions                  ; 30          ;
;                                             ;             ;
; Dedicated logic registers                   ; 160         ;
;                                             ;             ;
; I/O pins                                    ; 32          ;
;                                             ;             ;
; Total DSP Blocks                            ; 0           ;
;                                             ;             ;
; Maximum fan-out node                        ; reset~input ;
; Maximum fan-out                             ; 171         ;
; Total fan-out                               ; 1102        ;
; Average fan-out                             ; 3.33        ;
+---------------------------------------------+-------------+


+----------------------------------------------------------------------------------------------------------------------------------------------------------------------------+
; Analysis & Synthesis Resource Utilization by Entity                                                                                                                        ;
+-------------------------------+-------------------+--------------+-------------------+------------+------+--------------+-----------------------------------+--------------+
; Compilation Hierarchy Node    ; LC Combinationals ; LC Registers ; Block Memory Bits ; DSP Blocks ; Pins ; Virtual Pins ; Full Hierarchy Name               ; Library Name ;
+-------------------------------+-------------------+--------------+-------------------+------------+------+--------------+-----------------------------------+--------------+
; |Overall                      ; 107 (0)           ; 160 (0)      ; 0                 ; 0          ; 32   ; 0            ; |Overall                          ; work         ;
;    |audio_interface:audioout| ; 50 (50)           ; 88 (88)      ; 0                 ; 0          ; 0    ; 0            ; |Overall|audio_interface:audioout ; work         ;
;    |clk_gen:clockgen|         ; 10 (10)           ; 8 (8)        ; 0                 ; 0          ; 0    ; 0            ; |Overall|clk_gen:clockgen         ; work         ;
;    |i2s_in:i2sin|             ; 3 (3)             ; 50 (50)      ; 0                 ; 0          ; 0    ; 0            ; |Overall|i2s_in:i2sin             ; work         ;
;    |i2s_out:i2out|            ; 16 (16)           ; 6 (6)        ; 0                 ; 0          ; 0    ; 0            ; |Overall|i2s_out:i2out            ; work         ;
;    |spi_async:spi|            ; 28 (28)           ; 8 (8)        ; 0                 ; 0          ; 0    ; 0            ; |Overall|spi_async:spi            ; work         ;
+-------------------------------+-------------------+--------------+-------------------+------------+------+--------------+-----------------------------------+--------------+
Note: For table entries with two numbers listed, the numbers in parentheses indicate the number of resources of the given type used by the specific entity alone. The numbers listed outside of parentheses indicate the total resources of the given type used by the specific entity and all of its sub-entities in the hierarchy.


Encoding Type:  One-Hot
+-------------------------------------------------------------------------------------------------------------------------------------------------------------------------------------------------------------------------------------------------------------------------------------------------------------------------------------------------------------------------------------------------------------------+
; State Machine - |Overall|audio_interface:audioout|state                                                                                                                                                                                                                                                                                                                                                           ;
+------------------+-------------+---------------+---------------+-------------+----------+----------+----------+----------+----------+----------+----------+----------+-------------+----------+----------+----------+----------+----------+----------+----------+----------+-------------+----------+----------+----------+----------+----------+----------+----------+----------+-------------+------------------+
; Name             ; state.b_end ; state.b_stop1 ; state.b_stop0 ; state.d_ack ; state.d7 ; state.d6 ; state.d5 ; state.d4 ; state.d3 ; state.d2 ; state.d1 ; state.d0 ; state.a_ack ; state.a7 ; state.a6 ; state.a5 ; state.a4 ; state.a3 ; state.a2 ; state.a1 ; state.a0 ; state.b_ack ; state.b7 ; state.b6 ; state.b5 ; state.b4 ; state.b3 ; state.b2 ; state.b1 ; state.b0 ; state.start ; state.initialize ;
+------------------+-------------+---------------+---------------+-------------+----------+----------+----------+----------+----------+----------+----------+----------+-------------+----------+----------+----------+----------+----------+----------+----------+----------+-------------+----------+----------+----------+----------+----------+----------+----------+----------+-------------+------------------+
; state.initialize ; 0           ; 0             ; 0             ; 0           ; 0        ; 0        ; 0        ; 0        ; 0        ; 0        ; 0        ; 0        ; 0           ; 0        ; 0        ; 0        ; 0        ; 0        ; 0        ; 0        ; 0        ; 0           ; 0        ; 0        ; 0        ; 0        ; 0        ; 0        ; 0        ; 0        ; 0           ; 0                ;
; state.start      ; 0           ; 0             ; 0             ; 0           ; 0        ; 0        ; 0        ; 0        ; 0        ; 0        ; 0        ; 0        ; 0           ; 0        ; 0        ; 0        ; 0        ; 0        ; 0        ; 0        ; 0        ; 0           ; 0        ; 0        ; 0        ; 0        ; 0        ; 0        ; 0        ; 0        ; 1           ; 1                ;
; state.b0         ; 0           ; 0             ; 0             ; 0           ; 0        ; 0        ; 0        ; 0        ; 0        ; 0        ; 0        ; 0        ; 0           ; 0        ; 0        ; 0        ; 0        ; 0        ; 0        ; 0        ; 0        ; 0           ; 0        ; 0        ; 0        ; 0        ; 0        ; 0        ; 0        ; 1        ; 0           ; 1                ;
; state.b1         ; 0           ; 0             ; 0             ; 0           ; 0        ; 0        ; 0        ; 0        ; 0        ; 0        ; 0        ; 0        ; 0           ; 0        ; 0        ; 0        ; 0        ; 0        ; 0        ; 0        ; 0        ; 0           ; 0        ; 0        ; 0        ; 0        ; 0        ; 0        ; 1        ; 0        ; 0           ; 1                ;
; state.b2         ; 0           ; 0             ; 0             ; 0           ; 0        ; 0        ; 0        ; 0        ; 0        ; 0        ; 0        ; 0        ; 0           ; 0        ; 0        ; 0        ; 0        ; 0        ; 0        ; 0        ; 0        ; 0           ; 0        ; 0        ; 0        ; 0        ; 0        ; 1        ; 0        ; 0        ; 0           ; 1                ;
; state.b3         ; 0           ; 0             ; 0             ; 0           ; 0        ; 0        ; 0        ; 0        ; 0        ; 0        ; 0        ; 0        ; 0           ; 0        ; 0        ; 0        ; 0        ; 0        ; 0        ; 0        ; 0        ; 0           ; 0        ; 0        ; 0        ; 0        ; 1        ; 0        ; 0        ; 0        ; 0           ; 1                ;
; state.b4         ; 0           ; 0             ; 0             ; 0           ; 0        ; 0        ; 0        ; 0        ; 0        ; 0        ; 0        ; 0        ; 0           ; 0        ; 0        ; 0        ; 0        ; 0        ; 0        ; 0        ; 0        ; 0           ; 0        ; 0        ; 0        ; 1        ; 0        ; 0        ; 0        ; 0        ; 0           ; 1                ;
; state.b5         ; 0           ; 0             ; 0             ; 0           ; 0        ; 0        ; 0        ; 0        ; 0        ; 0        ; 0        ; 0        ; 0           ; 0        ; 0        ; 0        ; 0        ; 0        ; 0        ; 0        ; 0        ; 0           ; 0        ; 0        ; 1        ; 0        ; 0        ; 0        ; 0        ; 0        ; 0           ; 1                ;
; state.b6         ; 0           ; 0             ; 0             ; 0           ; 0        ; 0        ; 0        ; 0        ; 0        ; 0        ; 0        ; 0        ; 0           ; 0        ; 0        ; 0        ; 0        ; 0        ; 0        ; 0        ; 0        ; 0           ; 0        ; 1        ; 0        ; 0        ; 0        ; 0        ; 0        ; 0        ; 0           ; 1                ;
; state.b7         ; 0           ; 0             ; 0             ; 0           ; 0        ; 0        ; 0        ; 0        ; 0        ; 0        ; 0        ; 0        ; 0           ; 0        ; 0        ; 0        ; 0        ; 0        ; 0        ; 0        ; 0        ; 0           ; 1        ; 0        ; 0        ; 0        ; 0        ; 0        ; 0        ; 0        ; 0           ; 1                ;
; state.b_ack      ; 0           ; 0             ; 0             ; 0           ; 0        ; 0        ; 0        ; 0        ; 0        ; 0        ; 0        ; 0        ; 0           ; 0        ; 0        ; 0        ; 0        ; 0        ; 0        ; 0        ; 0        ; 1           ; 0        ; 0        ; 0        ; 0        ; 0        ; 0        ; 0        ; 0        ; 0           ; 1                ;
; state.a0         ; 0           ; 0             ; 0             ; 0           ; 0        ; 0        ; 0        ; 0        ; 0        ; 0        ; 0        ; 0        ; 0           ; 0        ; 0        ; 0        ; 0        ; 0        ; 0        ; 0        ; 1        ; 0           ; 0        ; 0        ; 0        ; 0        ; 0        ; 0        ; 0        ; 0        ; 0           ; 1                ;
; state.a1         ; 0           ; 0             ; 0             ; 0           ; 0        ; 0        ; 0        ; 0        ; 0        ; 0        ; 0        ; 0        ; 0           ; 0        ; 0        ; 0        ; 0        ; 0        ; 0        ; 1        ; 0        ; 0           ; 0        ; 0        ; 0        ; 0        ; 0        ; 0        ; 0        ; 0        ; 0           ; 1                ;
; state.a2         ; 0           ; 0             ; 0             ; 0           ; 0        ; 0        ; 0        ; 0        ; 0        ; 0        ; 0        ; 0        ; 0           ; 0        ; 0        ; 0        ; 0        ; 0        ; 1        ; 0        ; 0        ; 0           ; 0        ; 0        ; 0        ; 0        ; 0        ; 0        ; 0        ; 0        ; 0           ; 1                ;
; state.a3         ; 0           ; 0             ; 0             ; 0           ; 0        ; 0        ; 0        ; 0        ; 0        ; 0        ; 0        ; 0        ; 0           ; 0        ; 0        ; 0        ; 0        ; 1        ; 0        ; 0        ; 0        ; 0           ; 0        ; 0        ; 0        ; 0        ; 0        ; 0        ; 0        ; 0        ; 0           ; 1                ;
; state.a4         ; 0           ; 0             ; 0             ; 0           ; 0        ; 0        ; 0        ; 0        ; 0        ; 0        ; 0        ; 0        ; 0           ; 0        ; 0        ; 0        ; 1        ; 0        ; 0        ; 0        ; 0        ; 0           ; 0        ; 0        ; 0        ; 0        ; 0        ; 0        ; 0        ; 0        ; 0           ; 1                ;
; state.a5         ; 0           ; 0             ; 0             ; 0           ; 0        ; 0        ; 0        ; 0        ; 0        ; 0        ; 0        ; 0        ; 0           ; 0        ; 0        ; 1        ; 0        ; 0        ; 0        ; 0        ; 0        ; 0           ; 0        ; 0        ; 0        ; 0        ; 0        ; 0        ; 0        ; 0        ; 0           ; 1                ;
; state.a6         ; 0           ; 0             ; 0             ; 0           ; 0        ; 0        ; 0        ; 0        ; 0        ; 0        ; 0        ; 0        ; 0           ; 0        ; 1        ; 0        ; 0        ; 0        ; 0        ; 0        ; 0        ; 0           ; 0        ; 0        ; 0        ; 0        ; 0        ; 0        ; 0        ; 0        ; 0           ; 1                ;
; state.a7         ; 0           ; 0             ; 0             ; 0           ; 0        ; 0        ; 0        ; 0        ; 0        ; 0        ; 0        ; 0        ; 0           ; 1        ; 0        ; 0        ; 0        ; 0        ; 0        ; 0        ; 0        ; 0           ; 0        ; 0        ; 0        ; 0        ; 0        ; 0        ; 0        ; 0        ; 0           ; 1                ;
; state.a_ack      ; 0           ; 0             ; 0             ; 0           ; 0        ; 0        ; 0        ; 0        ; 0        ; 0        ; 0        ; 0        ; 1           ; 0        ; 0        ; 0        ; 0        ; 0        ; 0        ; 0        ; 0        ; 0           ; 0        ; 0        ; 0        ; 0        ; 0        ; 0        ; 0        ; 0        ; 0           ; 1                ;
; state.d0         ; 0           ; 0             ; 0             ; 0           ; 0        ; 0        ; 0        ; 0        ; 0        ; 0        ; 0        ; 1        ; 0           ; 0        ; 0        ; 0        ; 0        ; 0        ; 0        ; 0        ; 0        ; 0           ; 0        ; 0        ; 0        ; 0        ; 0        ; 0        ; 0        ; 0        ; 0           ; 1                ;
; state.d1         ; 0           ; 0             ; 0             ; 0           ; 0        ; 0        ; 0        ; 0        ; 0        ; 0        ; 1        ; 0        ; 0           ; 0        ; 0        ; 0        ; 0        ; 0        ; 0        ; 0        ; 0        ; 0           ; 0        ; 0        ; 0        ; 0        ; 0        ; 0        ; 0        ; 0        ; 0           ; 1                ;
; state.d2         ; 0           ; 0             ; 0             ; 0           ; 0        ; 0        ; 0        ; 0        ; 0        ; 1        ; 0        ; 0        ; 0           ; 0        ; 0        ; 0        ; 0        ; 0        ; 0        ; 0        ; 0        ; 0           ; 0        ; 0        ; 0        ; 0        ; 0        ; 0        ; 0        ; 0        ; 0           ; 1                ;
; state.d3         ; 0           ; 0             ; 0             ; 0           ; 0        ; 0        ; 0        ; 0        ; 1        ; 0        ; 0        ; 0        ; 0           ; 0        ; 0        ; 0        ; 0        ; 0        ; 0        ; 0        ; 0        ; 0           ; 0        ; 0        ; 0        ; 0        ; 0        ; 0        ; 0        ; 0        ; 0           ; 1                ;
; state.d4         ; 0           ; 0             ; 0             ; 0           ; 0        ; 0        ; 0        ; 1        ; 0        ; 0        ; 0        ; 0        ; 0           ; 0        ; 0        ; 0        ; 0        ; 0        ; 0        ; 0        ; 0        ; 0           ; 0        ; 0        ; 0        ; 0        ; 0        ; 0        ; 0        ; 0        ; 0           ; 1                ;
; state.d5         ; 0           ; 0             ; 0             ; 0           ; 0        ; 0        ; 1        ; 0        ; 0        ; 0        ; 0        ; 0        ; 0           ; 0        ; 0        ; 0        ; 0        ; 0        ; 0        ; 0        ; 0        ; 0           ; 0        ; 0        ; 0        ; 0        ; 0        ; 0        ; 0        ; 0        ; 0           ; 1                ;
; state.d6         ; 0           ; 0             ; 0             ; 0           ; 0        ; 1        ; 0        ; 0        ; 0        ; 0        ; 0        ; 0        ; 0           ; 0        ; 0        ; 0        ; 0        ; 0        ; 0        ; 0        ; 0        ; 0           ; 0        ; 0        ; 0        ; 0        ; 0        ; 0        ; 0        ; 0        ; 0           ; 1                ;
; state.d7         ; 0           ; 0             ; 0             ; 0           ; 1        ; 0        ; 0        ; 0        ; 0        ; 0        ; 0        ; 0        ; 0           ; 0        ; 0        ; 0        ; 0        ; 0        ; 0        ; 0        ; 0        ; 0           ; 0        ; 0        ; 0        ; 0        ; 0        ; 0        ; 0        ; 0        ; 0           ; 1                ;
; state.d_ack      ; 0           ; 0             ; 0             ; 1           ; 0        ; 0        ; 0        ; 0        ; 0        ; 0        ; 0        ; 0        ; 0           ; 0        ; 0        ; 0        ; 0        ; 0        ; 0        ; 0        ; 0        ; 0           ; 0        ; 0        ; 0        ; 0        ; 0        ; 0        ; 0        ; 0        ; 0           ; 1                ;
; state.b_stop0    ; 0           ; 0             ; 1             ; 0           ; 0        ; 0        ; 0        ; 0        ; 0        ; 0        ; 0        ; 0        ; 0           ; 0        ; 0        ; 0        ; 0        ; 0        ; 0        ; 0        ; 0        ; 0           ; 0        ; 0        ; 0        ; 0        ; 0        ; 0        ; 0        ; 0        ; 0           ; 1                ;
; state.b_stop1    ; 0           ; 1             ; 0             ; 0           ; 0        ; 0        ; 0        ; 0        ; 0        ; 0        ; 0        ; 0        ; 0           ; 0        ; 0        ; 0        ; 0        ; 0        ; 0        ; 0        ; 0        ; 0           ; 0        ; 0        ; 0        ; 0        ; 0        ; 0        ; 0        ; 0        ; 0           ; 1                ;
; state.b_end      ; 1           ; 0             ; 0             ; 0           ; 0        ; 0        ; 0        ; 0        ; 0        ; 0        ; 0        ; 0        ; 0           ; 0        ; 0        ; 0        ; 0        ; 0        ; 0        ; 0        ; 0        ; 0           ; 0        ; 0        ; 0        ; 0        ; 0        ; 0        ; 0        ; 0        ; 0           ; 1                ;
+------------------+-------------+---------------+---------------+-------------+----------+----------+----------+----------+----------+----------+----------+----------+-------------+----------+----------+----------+----------+----------+----------+----------+----------+-------------+----------+----------+----------+----------+----------+----------+----------+----------+-------------+------------------+


+----------------------------------------------------------------------------------------------------+
; User-Specified and Inferred Latches                                                                ;
+-----------------------------------------------------+---------------------+------------------------+
; Latch Name                                          ; Latch Enable Signal ; Free of Timing Hazards ;
+-----------------------------------------------------+---------------------+------------------------+
; spi_async:spi|dig0[0]                               ; CS                  ; yes                    ;
; spi_async:spi|dig0[1]                               ; CS                  ; yes                    ;
; spi_async:spi|dig0[2]                               ; CS                  ; yes                    ;
; spi_async:spi|dig0[3]                               ; CS                  ; yes                    ;
; spi_async:spi|dig0[4]                               ; CS                  ; yes                    ;
; spi_async:spi|dig0[5]                               ; CS                  ; yes                    ;
; spi_async:spi|dig0[6]                               ; CS                  ; yes                    ;
; spi_async:spi|dig1[0]                               ; CS                  ; yes                    ;
; spi_async:spi|dig1[1]                               ; CS                  ; yes                    ;
; spi_async:spi|dig1[2]                               ; CS                  ; yes                    ;
; spi_async:spi|dig1[3]                               ; CS                  ; yes                    ;
; spi_async:spi|dig1[4]                               ; CS                  ; yes                    ;
; spi_async:spi|dig1[5]                               ; CS                  ; yes                    ;
; spi_async:spi|dig1[6]                               ; CS                  ; yes                    ;
; Number of user-specified and inferred latches = 14  ;                     ;                        ;
+-----------------------------------------------------+---------------------+------------------------+
Note: All latches listed above may not be present at the end of synthesis due to various synthesis optimizations.


+---------------------------------------------------------------------------------------------+
; Registers Removed During Synthesis                                                          ;
+---------------------------------------------+-----------------------------------------------+
; Register name                               ; Reason for Removal                            ;
+---------------------------------------------+-----------------------------------------------+
; clk_gen:clockgen|\p_bit_clk:v_lr_clk_enable ; Stuck at GND due to stuck port data_in        ;
; clk_gen:clockgen|s_counter_bit[1,2]         ; Stuck at GND due to stuck port data_in        ;
; audio_interface:audioout|flag1              ; Lost fanout                                   ;
; audio_interface:audioout|i2c_counter[0]     ; Merged with clk_gen:clockgen|s_counter_bit[0] ;
; i2s_out:i2out|counter[4]                    ; Stuck at GND due to stuck port data_in        ;
; Total Number of Removed Registers = 6       ;                                               ;
+---------------------------------------------+-----------------------------------------------+


+------------------------------------------------------+
; General Register Statistics                          ;
+----------------------------------------------+-------+
; Statistic                                    ; Value ;
+----------------------------------------------+-------+
; Total registers                              ; 160   ;
; Number of registers using Synchronous Clear  ; 0     ;
; Number of registers using Synchronous Load   ; 0     ;
; Number of registers using Asynchronous Clear ; 160   ;
; Number of registers using Asynchronous Load  ; 0     ;
; Number of registers using Clock Enable       ; 109   ;
; Number of registers using Preset             ; 0     ;
+----------------------------------------------+-------+


+--------------------------------------------------+
; Inverted Register Statistics                     ;
+----------------------------------------+---------+
; Inverted Register                      ; Fan out ;
+----------------------------------------+---------+
; clk_gen:clockgen|s_lr_clk              ; 8       ;
; audio_interface:audioout|Bcount[3]     ; 3       ;
; audio_interface:audioout|Bcount[4]     ; 2       ;
; audio_interface:audioout|Bcount[2]     ; 11      ;
; audio_interface:audioout|Bcount[1]     ; 12      ;
; audio_interface:audioout|Bcount[0]     ; 9       ;
; Total number of inverted registers = 6 ;         ;
+----------------------------------------+---------+


+-----------------------------------------------------------------------------------------------------------------------------------------------------------+
; Multiplexer Restructuring Statistics (Restructuring Performed)                                                                                            ;
+--------------------+-----------+---------------+----------------------+------------------------+------------+---------------------------------------------+
; Multiplexer Inputs ; Bus Width ; Baseline Area ; Area if Restructured ; Saving if Restructured ; Registered ; Example Multiplexer Output                  ;
+--------------------+-----------+---------------+----------------------+------------------------+------------+---------------------------------------------+
; 3:1                ; 5 bits    ; 10 LEs        ; 5 LEs                ; 5 LEs                  ; Yes        ; |Overall|i2s_out:i2out|counter[3]           ;
; 3:1                ; 5 bits    ; 10 LEs        ; 5 LEs                ; 5 LEs                  ; Yes        ; |Overall|clk_gen:clockgen|s_counter_lr[4]   ;
; 4:1                ; 5 bits    ; 10 LEs        ; 5 LEs                ; 5 LEs                  ; Yes        ; |Overall|audio_interface:audioout|Bcount[4] ;
+--------------------+-----------+---------------+----------------------+------------------------+------------+---------------------------------------------+


+-----------------------------------------------------------+
; Parameter Settings for User Entity Instance: i2s_in:i2sin ;
+----------------+-------+----------------------------------+
; Parameter Name ; Value ; Type                             ;
+----------------+-------+----------------------------------+
; width          ; 16    ; Signed Integer                   ;
+----------------+-------+----------------------------------+
Note: In order to hide this table in the UI and the text report file, please set the "Show Parameter Settings in Synthesis Report" option in "Analysis and Synthesis Settings -> More Settings" to "Off".


+---------------------------------------------------------------+
; Parameter Settings for User Entity Instance: clk_gen:clockgen ;
+----------------+-------+--------------------------------------+
; Parameter Name ; Value ; Type                                 ;
+----------------+-------+--------------------------------------+
; width          ; 16    ; Signed Integer                       ;
; clk_divider    ; 4     ; Signed Integer                       ;
+----------------+-------+--------------------------------------+
Note: In order to hide this table in the UI and the text report file, please set the "Show Parameter Settings in Synthesis Report" option in "Analysis and Synthesis Settings -> More Settings" to "Off".


+------------------------------------------------------------+
; Parameter Settings for User Entity Instance: i2s_out:i2out ;
+----------------+-------+-----------------------------------+
; Parameter Name ; Value ; Type                              ;
+----------------+-------+-----------------------------------+
; width          ; 16    ; Signed Integer                    ;
+----------------+-------+-----------------------------------+
Note: In order to hide this table in the UI and the text report file, please set the "Show Parameter Settings in Synthesis Report" option in "Analysis and Synthesis Settings -> More Settings" to "Off".


+----------------------------------------------------------------------------------------------------------------------+
; Port Connectivity Checks: "i2s_out:i2out"                                                                            ;
+------------+--------+----------+-------------------------------------------------------------------------------------+
; Port       ; Type   ; Severity ; Details                                                                             ;
+------------+--------+----------+-------------------------------------------------------------------------------------+
; data_rdy_l ; Output ; Info     ; Connected to dangling logic. Logic that only feeds a dangling port will be removed. ;
; data_rdy_r ; Output ; Info     ; Connected to dangling logic. Logic that only feeds a dangling port will be removed. ;
+------------+--------+----------+-------------------------------------------------------------------------------------+


+-----------------------------------------------------------------------------------------------------------------+
; Port Connectivity Checks: "spi_async:spi"                                                                       ;
+-------+--------+----------+-------------------------------------------------------------------------------------+
; Port  ; Type   ; Severity ; Details                                                                             ;
+-------+--------+----------+-------------------------------------------------------------------------------------+
; byte0 ; Output ; Info     ; Connected to dangling logic. Logic that only feeds a dangling port will be removed. ;
+-------+--------+----------+-------------------------------------------------------------------------------------+


+-----------------------------------------------------------------------------------------------------------------------+
; Port Connectivity Checks: "audio_interface:audioout"                                                                  ;
+-------------+--------+----------+-------------------------------------------------------------------------------------+
; Port        ; Type   ; Severity ; Details                                                                             ;
+-------------+--------+----------+-------------------------------------------------------------------------------------+
; adc_full    ; Output ; Info     ; Connected to dangling logic. Logic that only feeds a dangling port will be removed. ;
; data_over   ; Output ; Info     ; Connected to dangling logic. Logic that only feeds a dangling port will be removed. ;
; aud_adcdat  ; Input  ; Info     ; Stuck at GND                                                                        ;
; aud_adclrck ; Input  ; Info     ; Stuck at GND                                                                        ;
; adcdata     ; Output ; Info     ; Connected to dangling logic. Logic that only feeds a dangling port will be removed. ;
+-------------+--------+----------+-------------------------------------------------------------------------------------+


+----------------------------------------------------------------------------------------------------------------------+
; Port Connectivity Checks: "i2s_in:i2sin"                                                                             ;
+------------+--------+----------+-------------------------------------------------------------------------------------+
; Port       ; Type   ; Severity ; Details                                                                             ;
+------------+--------+----------+-------------------------------------------------------------------------------------+
; data_rdy_l ; Output ; Info     ; Connected to dangling logic. Logic that only feeds a dangling port will be removed. ;
; data_rdy_r ; Output ; Info     ; Connected to dangling logic. Logic that only feeds a dangling port will be removed. ;
+------------+--------+----------+-------------------------------------------------------------------------------------+


+-----------------------------------------------------+
; Post-Synthesis Netlist Statistics for Top Partition ;
+-----------------------+-----------------------------+
; Type                  ; Count                       ;
+-----------------------+-----------------------------+
; arriav_ff             ; 160                         ;
;     CLR               ; 51                          ;
;     ENA CLR           ; 109                         ;
; arriav_io_obuf        ; 1                           ;
; arriav_lcell_comb     ; 108                         ;
;     arith             ; 9                           ;
;         1 data inputs ; 8                           ;
;         2 data inputs ; 1                           ;
;     extend            ; 17                          ;
;         7 data inputs ; 17                          ;
;     normal            ; 82                          ;
;         1 data inputs ; 5                           ;
;         2 data inputs ; 9                           ;
;         3 data inputs ; 8                           ;
;         4 data inputs ; 37                          ;
;         5 data inputs ; 11                          ;
;         6 data inputs ; 12                          ;
; boundary_port         ; 32                          ;
;                       ;                             ;
; Max LUT depth         ; 4.00                        ;
; Average LUT depth     ; 1.98                        ;
+-----------------------+-----------------------------+


+-------------------------------+
; Elapsed Time Per Partition    ;
+----------------+--------------+
; Partition Name ; Elapsed Time ;
+----------------+--------------+
; Top            ; 00:00:00     ;
+----------------+--------------+


+-------------------------------+
; Analysis & Synthesis Messages ;
+-------------------------------+
Info: *******************************************************************
Info: Running Quartus II 64-Bit Analysis & Synthesis
    Info: Version 15.0.0 Build 145 04/22/2015 SJ Web Edition
    Info: Processing started: Thu Apr 05 16:18:30 2018
Info: Command: quartus_map --read_settings_files=on --write_settings_files=off I2S_IN -c I2S_IN
Info (11104): Parallel Compilation has detected 8 hyper-threaded processors. However, the extra hyper-threaded processors will not be used by default. Parallel Compilation will use 4 of the 4 physical processors detected instead.
Info (12021): Found 2 design units, including 1 entities, in source file audio_interface.vhd
    Info (12022): Found design unit 1: audio_interface-Behavorial
    Info (12023): Found entity 1: audio_interface
Info (12021): Found 2 design units, including 1 entities, in source file i2s_in.vhd
    Info (12022): Found design unit 1: i2s_in-rtl
    Info (12023): Found entity 1: i2s_in
Info (12021): Found 2 design units, including 1 entities, in source file overall.vhd
    Info (12022): Found design unit 1: Overall-structure
    Info (12023): Found entity 1: Overall
Info (12021): Found 2 design units, including 1 entities, in source file spi_async.vhd
    Info (12022): Found design unit 1: spi_async-behav
    Info (12023): Found entity 1: spi_async
Info (12021): Found 2 design units, including 1 entities, in source file clk_gen.vhd
    Info (12022): Found design unit 1: clk_gen-rtl
    Info (12023): Found entity 1: clk_gen
Info (12021): Found 2 design units, including 1 entities, in source file i2s_out.vhd
    Info (12022): Found design unit 1: i2s_out-rtl
    Info (12023): Found entity 1: i2s_out
Info (12021): Found 2 design units, including 1 entities, in source file i2s_in_tb.vhd
    Info (12022): Found design unit 1: i2s_in_tb_vhd-behavior
    Info (12023): Found entity 1: i2s_in_tb_vhd
Info (12127): Elaborating entity "Overall" for the top level hierarchy
Info (12128): Elaborating entity "i2s_in" for hierarchy "i2s_in:i2sin"
Info (12128): Elaborating entity "audio_interface" for hierarchy "audio_interface:audioout"
Info (12128): Elaborating entity "spi_async" for hierarchy "spi_async:spi"
Warning (10492): VHDL Process Statement warning at spi_async.vhd(55): signal "SDATA_register" is read inside the Process Statement but isn't in the Process Statement's sensitivity list
Warning (10631): VHDL Process Statement warning at spi_async.vhd(43): inferring latch(es) for signal or variable "BYTE0", which holds its previous value in one or more paths through the process
Warning (10631): VHDL Process Statement warning at spi_async.vhd(43): inferring latch(es) for signal or variable "dig0", which holds its previous value in one or more paths through the process
Warning (10631): VHDL Process Statement warning at spi_async.vhd(43): inferring latch(es) for signal or variable "dig1", which holds its previous value in one or more paths through the process
Info (10041): Inferred latch for "dig1[0]" at spi_async.vhd(43)
Info (10041): Inferred latch for "dig1[1]" at spi_async.vhd(43)
Info (10041): Inferred latch for "dig1[2]" at spi_async.vhd(43)
Info (10041): Inferred latch for "dig1[3]" at spi_async.vhd(43)
Info (10041): Inferred latch for "dig1[4]" at spi_async.vhd(43)
Info (10041): Inferred latch for "dig1[5]" at spi_async.vhd(43)
Info (10041): Inferred latch for "dig1[6]" at spi_async.vhd(43)
Info (10041): Inferred latch for "dig0[0]" at spi_async.vhd(43)
Info (10041): Inferred latch for "dig0[1]" at spi_async.vhd(43)
Info (10041): Inferred latch for "dig0[2]" at spi_async.vhd(43)
Info (10041): Inferred latch for "dig0[3]" at spi_async.vhd(43)
Info (10041): Inferred latch for "dig0[4]" at spi_async.vhd(43)
Info (10041): Inferred latch for "dig0[5]" at spi_async.vhd(43)
Info (10041): Inferred latch for "dig0[6]" at spi_async.vhd(43)
Info (10041): Inferred latch for "BYTE0[0]" at spi_async.vhd(43)
Info (10041): Inferred latch for "BYTE0[1]" at spi_async.vhd(43)
Info (10041): Inferred latch for "BYTE0[2]" at spi_async.vhd(43)
Info (10041): Inferred latch for "BYTE0[3]" at spi_async.vhd(43)
Info (10041): Inferred latch for "BYTE0[4]" at spi_async.vhd(43)
Info (10041): Inferred latch for "BYTE0[5]" at spi_async.vhd(43)
Info (10041): Inferred latch for "BYTE0[6]" at spi_async.vhd(43)
Info (10041): Inferred latch for "BYTE0[7]" at spi_async.vhd(43)
Info (12128): Elaborating entity "clk_gen" for hierarchy "clk_gen:clockgen"
Warning (10492): VHDL Process Statement warning at CLK_GEN.vhd(103): signal "s_bit_clk" is read inside the Process Statement but isn't in the Process Statement's sensitivity list
Warning (10492): VHDL Process Statement warning at CLK_GEN.vhd(104): signal "s_lr_clk" is read inside the Process Statement but isn't in the Process Statement's sensitivity list
Info (12128): Elaborating entity "i2s_out" for hierarchy "i2s_out:i2out"
Info (286030): Timing-Driven Synthesis is running
Critical Warning (18061): Ignored Power-Up Level option on the following registers
    Critical Warning (18010): Register audio_interface:audioout|Bcount[3] will power up to High
    Critical Warning (18010): Register audio_interface:audioout|Bcount[4] will power up to High
    Critical Warning (18010): Register audio_interface:audioout|Bcount[2] will power up to High
    Critical Warning (18010): Register audio_interface:audioout|Bcount[1] will power up to High
    Critical Warning (18010): Register audio_interface:audioout|Bcount[0] will power up to High
Info (17049): 1 registers lost all their fanouts during netlist optimizations.
Info (16010): Generating hard_block partition "hard_block:auto_generated_inst"
    Info (16011): Adding 0 node(s), including 0 DDIO, 0 PLL, 0 transceiver and 0 LCELL
Info (21057): Implemented 262 device resources after synthesis - the final resource count might be different
    Info (21058): Implemented 10 input pins
    Info (21059): Implemented 22 output pins
    Info (21061): Implemented 230 logic cells
Info: Quartus II 64-Bit Analysis & Synthesis was successful. 0 errors, 12 warnings
    Info: Peak virtual memory: 838 megabytes
    Info: Processing ended: Thu Apr 05 16:18:41 2018
    Info: Elapsed time: 00:00:11
    Info: Total CPU time (on all processors): 00:00:26


